[debug] [2018-03-01T05:47:16.865Z] ----------------------------------------------------------------------
[debug] [2018-03-01T05:47:16.873Z] Command:       C:\Program Files\nodejs\node.exe C:\Users\Deep\AppData\Roaming\npm\node_modules\firebase-tools\bin\firebase deploy
[debug] [2018-03-01T05:47:16.874Z] CLI Version:   3.17.4
[debug] [2018-03-01T05:47:16.875Z] Platform:      win32
[debug] [2018-03-01T05:47:16.875Z] Node Version:  v8.2.1
[debug] [2018-03-01T05:47:16.877Z] Time:          Thu Mar 01 2018 11:17:16 GMT+0530 (India Standard Time)
[debug] [2018-03-01T05:47:16.877Z] ----------------------------------------------------------------------
[debug] 
[debug] [2018-03-01T05:47:16.931Z] > command requires scopes: ["email","openid","https://www.googleapis.com/auth/cloudplatformprojects.readonly","https://www.googleapis.com/auth/firebase","https://www.googleapis.com/auth/cloud-platform"]
[debug] [2018-03-01T05:47:16.933Z] > authorizing via signed-in user
[debug] [2018-03-01T05:47:16.944Z] >>> HTTP REQUEST GET https://admin.firebase.com/v1/projects/agniyetra  
  
 Thu Mar 01 2018 11:17:16 GMT+0530 (India Standard Time)
[debug] [2018-03-01T05:47:22.370Z] <<< HTTP RESPONSE 200
[debug] [2018-03-01T05:47:22.373Z] >>> HTTP REQUEST GET https://admin.firebase.com/v1/database/agniyetra/tokens  
  
 Thu Mar 01 2018 11:17:22 GMT+0530 (India Standard Time)
[debug] [2018-03-01T05:47:24.474Z] <<< HTTP RESPONSE 200
[info] 
[info] === Deploying to 'agniyetra'...
[info] 
[info] i  deploying hosting
[info] i  hosting: preparing public directory for upload...
[debug] [2018-03-01T05:47:38.149Z] >>> HTTP REQUEST PUT https://deploy.firebase.com/v1/hosting/agniyetra/uploads/-L6V5US6ZSN6DwuRtPOf?fileCount=47&message=  
  
 Thu Mar 01 2018 11:17:38 GMT+0530 (India Standard Time)
